<?xml version="1.0" encoding="UTF-8"?>
<testng-results ignored="0" total="1" passed="1" failed="0" skipped="0">
  <reporter-output>
  </reporter-output>
  <suite started-at="2022-08-04T16:47:57 EDT" name="Test.Test_001" finished-at="2022-08-04T16:48:06 EDT" duration-ms="9333">
    <groups>
    </groups>
    <test started-at="2022-08-04T16:47:57 EDT" name="Command line test" finished-at="2022-08-04T16:48:06 EDT" duration-ms="9333">
      <class name="Test.Test_001">
        <test-method is-config="true" signature="setUp()[pri:0, instance:Test.Test_001@68e5eea7]" started-at="2022-08-04T16:47:57 EDT" name="setUp" finished-at="2022-08-04T16:48:01 EDT" duration-ms="4366" status="PASS">
          <reporter-output>
          </reporter-output>
        </test-method> <!-- setUp -->
        <test-method signature="search()[pri:0, instance:Test.Test_001@68e5eea7]" started-at="2022-08-04T16:48:02 EDT" name="search" finished-at="2022-08-04T16:48:06 EDT" duration-ms="4886" status="PASS">
          <reporter-output>
          </reporter-output>
        </test-method> <!-- search -->
      </class> <!-- Test.Test_001 -->
    </test> <!-- Command line test -->
  </suite> <!-- Test.Test_001 -->
</testng-results>
