<?xml version="1.0" encoding="UTF-8"?>
<testng-results ignored="0" total="1" passed="1" failed="0" skipped="0">
  <reporter-output>
  </reporter-output>
  <suite started-at="2022-08-04T15:15:59 EDT" name="Default suite" finished-at="2022-08-04T15:16:05 EDT" duration-ms="6111">
    <groups>
    </groups>
    <test started-at="2022-08-04T15:15:59 EDT" name="Default test" finished-at="2022-08-04T15:16:05 EDT" duration-ms="6111">
      <class name="Test.Test_001">
        <test-method is-config="true" signature="setUp()[pri:0, instance:Test.Test_001@7674f035]" started-at="2022-08-04T15:15:59 EDT" name="setUp" finished-at="2022-08-04T15:16:01 EDT" duration-ms="2269" status="PASS">
          <reporter-output>
          </reporter-output>
        </test-method> <!-- setUp -->
        <test-method signature="search()[pri:0, instance:Test.Test_001@7674f035]" started-at="2022-08-04T15:16:01 EDT" name="search" finished-at="2022-08-04T15:16:05 EDT" duration-ms="3796" status="PASS">
          <reporter-output>
          </reporter-output>
        </test-method> <!-- search -->
      </class> <!-- Test.Test_001 -->
    </test> <!-- Default test -->
  </suite> <!-- Default suite -->
</testng-results>
